[debug] [2024-04-15T17:48:40.648Z] ----------------------------------------------------------------------
[debug] [2024-04-15T17:48:40.654Z] Command:       C:\Program Files\nodejs\node.exe C:\Users\fsmah\AppData\Roaming\npm\node_modules\firebase-tools\lib\bin\firebase.js init
[debug] [2024-04-15T17:48:40.655Z] CLI Version:   13.7.2
[debug] [2024-04-15T17:48:40.655Z] Platform:      win32
[debug] [2024-04-15T17:48:40.655Z] Node Version:  v21.7.1
[debug] [2024-04-15T17:48:40.656Z] Time:          Mon Apr 15 2024 23:48:40 GMT+0600 (Bangladesh Standard Time)
[debug] [2024-04-15T17:48:40.656Z] ----------------------------------------------------------------------
[debug] 
[debug] [2024-04-15T17:48:40.666Z] > command requires scopes: ["email","openid","https://www.googleapis.com/auth/cloudplatformprojects.readonly","https://www.googleapis.com/auth/firebase","https://www.googleapis.com/auth/cloud-platform"]
[debug] [2024-04-15T17:48:40.666Z] > authorizing via signed-in user (greenskyisbad@gmail.com)
[info] 
     ######## #### ########  ######## ########     ###     ######  ########
     ##        ##  ##     ## ##       ##     ##  ##   ##  ##       ##
     ######    ##  ########  ######   ########  #########  ######  ######
     ##        ##  ##    ##  ##       ##     ## ##     ##       ## ##
     ##       #### ##     ## ######## ########  ##     ##  ######  ########

You're about to initialize a Firebase project in this directory:

  C:\Users\fsmah\Desktop\pocong

[info] 
=== Project Setup
[info] 
[info] First, let's associate this project directory with a Firebase project.
[info] You can create multiple project aliases by running firebase use --add, 
[info] but for now we'll just set up a default project.
[info] 
[debug] [2024-04-15T17:49:16.674Z] >>> [apiv2][query] GET https://firebase.googleapis.com/v1beta1/projects pageSize=100
[debug] [2024-04-15T17:49:17.977Z] <<< [apiv2][status] GET https://firebase.googleapis.com/v1beta1/projects 200
[debug] [2024-04-15T17:49:17.977Z] <<< [apiv2][body] GET https://firebase.googleapis.com/v1beta1/projects [omitted]
[info] i  Using project pocong-vip (pocong) 
[info] 
=== Hosting Setup
[debug] [2024-04-15T17:49:19.589Z] >>> [apiv2][query] GET https://firebase.googleapis.com/v1beta1/projects/pocong-vip [none]
[debug] [2024-04-15T17:49:20.057Z] <<< [apiv2][status] GET https://firebase.googleapis.com/v1beta1/projects/pocong-vip 200
[debug] [2024-04-15T17:49:20.058Z] <<< [apiv2][body] GET https://firebase.googleapis.com/v1beta1/projects/pocong-vip {"projectId":"pocong-vip","projectNumber":"77935577373","displayName":"pocong","name":"projects/pocong-vip","resources":{"hostingSite":"pocong-vip","realtimeDatabaseInstance":"pocong-vip-default-rtdb"},"state":"ACTIVE","etag":"1_eaee744b-41bb-4bff-b57d-20750dda5c69"}
[info] 
[info] Your public directory is the folder (relative to your project directory) that
[info] will contain Hosting assets to be uploaded with firebase deploy. If you
[info] have a build process for your assets, use your build's output directory.
[info] 
